<!DOCTYPE html PUBLIC "-//W3C//DTD XHTML 1.1//EN" "https://www.w3.org/TR/xhtml11/DTD/xhtml11.dtd">
<html xmlns="https://www.w3.org/1999/xhtml">
<head>
<meta charset='utf-8'>
<title>TestNG Report</title>
<style type="text/css">
table {margin-bottom:10px;border-collapse:collapse;empty-cells:show}
td,th {border:1px solid #009;padding:.25em .5em}
.result th {vertical-align:bottom}
.param th {padding-left:1em;padding-right:1em}
.param td {padding-left:.5em;padding-right:2em}
.stripe td,.stripe th {background-color: #E6EBF9}
.numi,.numi_attn {text-align:right}
.total td {font-weight:bold}
.passedodd td {background-color: #0A0}
.passedeven td {background-color: #3F3}
.skippedodd td {background-color: #CCC}
.skippedodd td {background-color: #DDD}
.failedodd td,.numi_attn {background-color: #F33}
.failedeven td,.stripe .numi_attn {background-color: #D00}
.stacktrace {white-space:pre;font-family:monospace}
.totop {font-size:85%;text-align:center;border-bottom:2px solid #000}
</style>
</head>
<body>
<table cellspacing="0" cellpadding="0" class="testOverview">
<tr><th>Test</th><th>Methods<br/>Passed</th><th>Scenarios<br/>Passed</th><th># skipped</th><th># failed</th><th>Total<br/>Time</th><th>Included<br/>Groups</th><th>Excluded<br/>Groups</th></tr>
<tr><td style="text-align:left;padding-right:2em"><a href="#t1">POMFramework</a></td><td class="numi">2</td><td class="numi">2</td><td class="numi_attn">1</td><td class="numi_attn">2</td><td class="numi">38.8 seconds</td><td class="numi"></td><td class="numi"></td></tr>
</table>
<table cellspacing="0" cellpadding="0" class="methodOverview" id="summary">
<tr><th>Class</th><th>Method</th><th># of<br/>Scenarios</th><th>Start</th><th>Time<br/>(ms)</th></tr>
<tr id="t1"><th colspan="5">POMFramework &#8212; failed</th></tr>
<tr class="failedodd"><td rowspan="2">ExtendReportLearning.ExtentReportTest</td><td><a href="#m1"><b>failTest</b>  </a></td><td class="numi">1</td><td>1699856304564</td><td class="numi">10</td></tr><tr class="failedodd"><td><a href="#m2"><b>verifyCreateAccount</b>  </a></td><td class="numi">1</td><td>1699856313490</td><td class="numi">20040</td></tr>
<tr><th colspan="5">POMFramework &#8212; skipped</th></tr>
<tr class="skippedodd"><td>ExtendReportLearning.ExtentReportTest</td><td><a href="#m3"><b>skipTest</b>  </a></td><td class="numi">1</td><td>1699856310593</td><td class="numi">0</td></tr>
<tr><th colspan="5">POMFramework &#8212; passed</th></tr>
<tr class="passedodd"><td rowspan="2">ExtendReportLearning.ExtentReportTest</td><td><a href="#m4"><b>verifyTitleTest</b>  </a></td><td class="numi">1</td><td>1699856337065</td><td class="numi">8</td></tr><tr class="passedodd"><td><a href="#m5"><b>passTest</b>  </a></td><td class="numi">1</td><td>1699856307617</td><td class="numi">0</td></tr>
</table>
<h1>POMFramework</h1>
<h2 id="m1">ExtendReportLearning.ExtentReportTest:failTest</h2>
<div>
<div class="stacktrace">java.lang.AssertionError: expected [true] but found [false]
	at ExtendReportLearning.ExtentReportTest.failTest(ExtentReportTest.java:81)
	at java.base/java.util.ArrayList.forEach(ArrayList.java:1541)
	at com.intellij.rt.testng.IDEARemoteTestNG.run(IDEARemoteTestNG.java:66)
	at com.intellij.rt.testng.RemoteTestNGStarter.main(RemoteTestNGStarter.java:105)
... Removed 28 stack frames</div>
</div>
<p class="totop"><a href="#summary">back to summary</a></p>
<h2 id="m2">ExtendReportLearning.ExtentReportTest:verifyCreateAccount</h2>
<div>
<div class="stacktrace">org.openqa.selenium.NoSuchElementException: no such element: Unable to locate element: {&quot;method&quot;:&quot;xpath&quot;,&quot;selector&quot;:&quot;//a[@id=&apos;u_0_0_7r&apos;]&quot;}
  (Session info: chrome=119.0.6045.124)
For documentation on this error, please visit: https://www.selenium.dev/documentation/webdriver/troubleshooting/errors#no-such-element-exception
Build info: version: &apos;4.12.1&apos;, revision: &apos;8e34639b11&apos;
System info: os.name: &apos;Windows 11&apos;, os.arch: &apos;amd64&apos;, os.version: &apos;10.0&apos;, java.version: &apos;11.0.21&apos;
Driver info: org.openqa.selenium.chrome.ChromeDriver
Command: [48f188cc36dbcda4e76483013b21eec2, findElement {using=xpath, value=//a[@id=&apos;u_0_0_7r&apos;]}]
Capabilities {acceptInsecureCerts: false, browserName: chrome, browserVersion: 119.0.6045.124, chrome: {chromedriverVersion: 119.0.6045.105 (38c72552c5e..., userDataDir: C:\Users\hariv\AppData\Loca...}, fedcm:accounts: true, goog:chromeOptions: {debuggerAddress: localhost:58388}, networkConnectionEnabled: false, pageLoadStrategy: normal, platformName: windows, proxy: Proxy(), se:cdp: ws://localhost:58388/devtoo..., se:cdpVersion: 119.0.6045.124, setWindowRect: true, strictFileInteractability: false, timeouts: {implicit: 0, pageLoad: 300000, script: 30000}, unhandledPromptBehavior: dismiss and notify, webauthn:extension:credBlob: true, webauthn:extension:largeBlob: true, webauthn:extension:minPinLength: true, webauthn:extension:prf: true, webauthn:virtualAuthenticators: true}
Session ID: 48f188cc36dbcda4e76483013b21eec2
	at org.openqa.selenium.remote.codec.w3c.W3CHttpResponseCodec.createException(W3CHttpResponseCodec.java:200)
	at org.openqa.selenium.remote.codec.w3c.W3CHttpResponseCodec.decode(W3CHttpResponseCodec.java:133)
	at org.openqa.selenium.remote.codec.w3c.W3CHttpResponseCodec.decode(W3CHttpResponseCodec.java:52)
	at org.openqa.selenium.remote.HttpCommandExecutor.execute(HttpCommandExecutor.java:191)
	at org.openqa.selenium.remote.service.DriverCommandExecutor.invokeExecute(DriverCommandExecutor.java:196)
	at org.openqa.selenium.remote.service.DriverCommandExecutor.execute(DriverCommandExecutor.java:171)
	at org.openqa.selenium.remote.RemoteWebDriver.execute(RemoteWebDriver.java:602)
	at org.openqa.selenium.remote.ElementLocation$ElementFinder$2.findElement(ElementLocation.java:165)
	at org.openqa.selenium.remote.ElementLocation.findElement(ElementLocation.java:59)
	at org.openqa.selenium.remote.RemoteWebDriver.findElement(RemoteWebDriver.java:359)
	at org.openqa.selenium.remote.RemoteWebDriver.findElement(RemoteWebDriver.java:353)
	at ExtendReportLearning.ExtentReportTest.verifyCreateAccount(ExtentReportTest.java:59)
	at java.base/java.util.ArrayList.forEach(ArrayList.java:1541)
	at com.intellij.rt.testng.IDEARemoteTestNG.run(IDEARemoteTestNG.java:66)
	at com.intellij.rt.testng.RemoteTestNGStarter.main(RemoteTestNGStarter.java:105)
... Removed 28 stack frames</div>
</div>
<p class="totop"><a href="#summary">back to summary</a></p>
<h2 id="m3">ExtendReportLearning.ExtentReportTest:skipTest</h2>
<div>
<div class="stacktrace">org.testng.SkipException: Skipped Forcefully
	at ExtendReportLearning.ExtentReportTest.skipTest(ExtentReportTest.java:89)
	at java.base/java.util.ArrayList.forEach(ArrayList.java:1541)
	at com.intellij.rt.testng.IDEARemoteTestNG.run(IDEARemoteTestNG.java:66)
	at com.intellij.rt.testng.RemoteTestNGStarter.main(RemoteTestNGStarter.java:105)
... Removed 24 stack frames</div>
</div>
<p class="totop"><a href="#summary">back to summary</a></p>
<h2 id="m4">ExtendReportLearning.ExtentReportTest:verifyTitleTest</h2>
<p class="totop"><a href="#summary">back to summary</a></p>
<h2 id="m5">ExtendReportLearning.ExtentReportTest:passTest</h2>
<p class="totop"><a href="#summary">back to summary</a></p>
</body></html>
